{"level":"info","message":"Server listening on port 3002","timestamp":"2021-12-18T00:12:31.480Z"}
{"level":"info","message":"Server listening on port 3002","timestamp":"2021-12-18T00:17:27.213Z"}
{"level":"info","message":"Server listening on port 3002","timestamp":"2021-12-18T00:17:41.033Z"}
{"level":"info","message":"Server listening on port 3002","timestamp":"2021-12-18T00:18:08.223Z"}
{"level":"info","message":"Server listening on port 3002","timestamp":"2021-12-18T00:18:13.032Z"}
{"level":"info","message":"Server listening on port 3002","timestamp":"2021-12-18T00:19:58.852Z"}
{"level":"info","message":"Server listening on port 3002","timestamp":"2021-12-18T00:20:57.914Z"}
{"level":"info","message":"Server listening on port 3002","timestamp":"2021-12-18T00:22:06.920Z"}
{"level":"info","message":"Server listening on port 3002","timestamp":"2021-12-18T00:23:47.156Z"}
{"level":"info","message":"Server listening on port 3002","timestamp":"2021-12-18T00:23:57.072Z"}
{"level":"info","message":"Server listening on port 3002","timestamp":"2021-12-18T00:23:58.657Z"}
{"level":"info","message":"Server listening on port 3002","timestamp":"2021-12-18T00:24:21.815Z"}
{"level":"info","message":"mailSender | sendForm | body :  {}","timestamp":"2021-12-18T00:26:45.654Z"}
{"level":"error","message":"mailSender | sendForm | error sending mail  {\n \"message\": \"Unauthorized\",\n \"code\": 401,\n \"response\": {\n  \"headers\": {\n   \"server\": \"nginx\",\n   \"date\": \"Sat, 18 Dec 2021 00:26:46 GMT\",\n   \"content-type\": \"application/json\",\n   \"content-length\": \"88\",\n   \"connection\": \"close\",\n   \"access-control-allow-origin\": \"https://sendgrid.api-docs.io\",\n   \"access-control-allow-methods\": \"POST\",\n   \"access-control-allow-headers\": \"Authorization, Content-Type, On-behalf-of, x-sg-elas-acl\",\n   \"access-control-max-age\": \"600\",\n   \"x-no-cors-reason\": \"https://sendgrid.com/docs/Classroom/Basics/API/cors.html\",\n   \"strict-transport-security\": \"max-age=600; includeSubDomains\"\n  },\n  \"body\": {\n   \"errors\": [\n    {\n     \"message\": \"Permission denied, wrong credentials\",\n     \"field\": null,\n     \"help\": null\n    }\n   ]\n  }\n }\n}","timestamp":"2021-12-18T00:26:46.449Z"}
{"level":"info","message":"Server listening on port 3002","timestamp":"2021-12-18T00:27:07.587Z"}
{"level":"info","message":"Server listening on port 3002","timestamp":"2021-12-18T00:27:16.880Z"}
{"level":"info","message":"mailSender | sendForm | body :  {}","timestamp":"2021-12-18T00:27:19.490Z"}
{"level":"error","message":"mailSender | sendForm | error sending mail  {\n \"message\": \"Unauthorized\",\n \"code\": 401,\n \"response\": {\n  \"headers\": {\n   \"server\": \"nginx\",\n   \"date\": \"Sat, 18 Dec 2021 00:27:19 GMT\",\n   \"content-type\": \"application/json\",\n   \"content-length\": \"88\",\n   \"connection\": \"close\",\n   \"access-control-allow-origin\": \"https://sendgrid.api-docs.io\",\n   \"access-control-allow-methods\": \"POST\",\n   \"access-control-allow-headers\": \"Authorization, Content-Type, On-behalf-of, x-sg-elas-acl\",\n   \"access-control-max-age\": \"600\",\n   \"x-no-cors-reason\": \"https://sendgrid.com/docs/Classroom/Basics/API/cors.html\",\n   \"strict-transport-security\": \"max-age=600; includeSubDomains\"\n  },\n  \"body\": {\n   \"errors\": [\n    {\n     \"message\": \"Permission denied, wrong credentials\",\n     \"field\": null,\n     \"help\": null\n    }\n   ]\n  }\n }\n}","timestamp":"2021-12-18T00:27:20.103Z"}
{"level":"info","message":"Server listening on port 3002","timestamp":"2021-12-18T00:27:30.501Z"}
{"level":"info","message":"mailSender | sendForm | body :  {}","timestamp":"2021-12-18T00:27:32.748Z"}
{"level":"error","message":"mailSender | sendForm | error sending mail  {\n \"message\": \"Unauthorized\",\n \"code\": 401,\n \"response\": {\n  \"headers\": {\n   \"server\": \"nginx\",\n   \"date\": \"Sat, 18 Dec 2021 00:27:33 GMT\",\n   \"content-type\": \"application/json\",\n   \"content-length\": \"88\",\n   \"connection\": \"close\",\n   \"access-control-allow-origin\": \"https://sendgrid.api-docs.io\",\n   \"access-control-allow-methods\": \"POST\",\n   \"access-control-allow-headers\": \"Authorization, Content-Type, On-behalf-of, x-sg-elas-acl\",\n   \"access-control-max-age\": \"600\",\n   \"x-no-cors-reason\": \"https://sendgrid.com/docs/Classroom/Basics/API/cors.html\",\n   \"strict-transport-security\": \"max-age=600; includeSubDomains\"\n  },\n  \"body\": {\n   \"errors\": [\n    {\n     \"message\": \"Permission denied, wrong credentials\",\n     \"field\": null,\n     \"help\": null\n    }\n   ]\n  }\n }\n}","timestamp":"2021-12-18T00:27:33.367Z"}
{"level":"info","message":"Server listening on port 3002","timestamp":"2021-12-18T00:27:41.976Z"}
{"level":"info","message":"mailSender | sendForm | body :  {}","timestamp":"2021-12-18T00:27:44.449Z"}
{"level":"error","message":"mailSender | sendForm | error sending mail  {\n \"message\": \"Unauthorized\",\n \"code\": 401,\n \"response\": {\n  \"headers\": {\n   \"server\": \"nginx\",\n   \"date\": \"Sat, 18 Dec 2021 00:27:44 GMT\",\n   \"content-type\": \"application/json\",\n   \"content-length\": \"88\",\n   \"connection\": \"close\",\n   \"access-control-allow-origin\": \"https://sendgrid.api-docs.io\",\n   \"access-control-allow-methods\": \"POST\",\n   \"access-control-allow-headers\": \"Authorization, Content-Type, On-behalf-of, x-sg-elas-acl\",\n   \"access-control-max-age\": \"600\",\n   \"x-no-cors-reason\": \"https://sendgrid.com/docs/Classroom/Basics/API/cors.html\",\n   \"strict-transport-security\": \"max-age=600; includeSubDomains\"\n  },\n  \"body\": {\n   \"errors\": [\n    {\n     \"message\": \"Permission denied, wrong credentials\",\n     \"field\": null,\n     \"help\": null\n    }\n   ]\n  }\n }\n}","timestamp":"2021-12-18T00:27:45.101Z"}
{"level":"info","message":"Server listening on port 3002","timestamp":"2021-12-18T00:33:26.926Z"}
{"level":"info","message":"mailSender | sendForm | body :  {}","timestamp":"2021-12-18T00:33:29.293Z"}
{"level":"info","message":"mailSender | sendForm | Email sent","timestamp":"2021-12-18T00:33:30.108Z"}
{"level":"info","message":"Server listening on port 3002","timestamp":"2021-12-18T00:37:20.065Z"}
{"level":"info","message":"mailSender | sendForm | body :  {}","timestamp":"2021-12-18T00:37:25.290Z"}
{"level":"info","message":"Server listening on port 3002","timestamp":"2021-12-18T00:37:41.527Z"}
{"level":"info","message":"Server listening on port 3002","timestamp":"2021-12-18T00:37:55.686Z"}
{"level":"info","message":"mailSender | sendForm | body :  {}","timestamp":"2021-12-18T00:37:58.783Z"}
{"level":"info","message":"Server listening on port 3002","timestamp":"2021-12-18T00:38:28.031Z"}
{"level":"info","message":"mailSender | sendForm | body :  {}","timestamp":"2021-12-18T00:38:29.982Z"}
{"level":"info","message":"Server listening on port 3002","timestamp":"2021-12-18T00:52:27.036Z"}
{"level":"info","message":"mailSender | sendForm | body :  {}","timestamp":"2021-12-18T00:52:30.237Z"}
{"level":"info","message":"Server listening on port 3002","timestamp":"2021-12-18T00:53:23.147Z"}
{"level":"info","message":"mailSender | sendForm | body :  {\"name\":\"Mario\",\"phone\":\"09316584\",\"message\":\"Este es mi super mensaje\"}","timestamp":"2021-12-18T00:54:11.178Z"}
{"level":"info","message":"Server listening on port 3002","timestamp":"2021-12-18T01:03:46.281Z"}
{"level":"info","message":"Server listening on port 3002","timestamp":"2021-12-18T01:04:02.879Z"}
{"level":"info","message":"Server listening on port 3002","timestamp":"2021-12-18T01:06:37.213Z"}
{"level":"info","message":"Server listening on port 3002","timestamp":"2021-12-18T01:14:18.912Z"}
{"level":"info","message":"mailSender | sendForm | body :  {\"name\":\"Mario\",\"phone\":\"09316584\",\"message\":\"Este es mi super mensaje\"}","timestamp":"2021-12-18T01:14:22.393Z"}
{"level":"error","message":"mailSender | sendForm | Error caught!  {}","timestamp":"2021-12-18T01:14:23.465Z"}
{"level":"info","message":"Server listening on port 3002","timestamp":"2021-12-18T01:15:13.037Z"}
{"level":"info","message":"mailSender | sendForm | body :  {\"name\":\"Mario\",\"phone\":\"09316584\",\"message\":\"Este es mi super mensaje\"}","timestamp":"2021-12-18T01:15:16.274Z"}
{"level":"error","message":"mailSender | sendForm | Error caught!  {}","timestamp":"2021-12-18T01:15:17.230Z"}
{"level":"info","message":"Server listening on port 3002","timestamp":"2021-12-18T01:15:29.915Z"}
{"level":"info","message":"mailSender | sendForm | body :  {\"name\":\"Mario\",\"phone\":\"09316584\",\"message\":\"Este es mi super mensaje\"}","timestamp":"2021-12-18T01:15:32.368Z"}
{"level":"error","message":"mailSender | sendForm | Error caught!  {}","timestamp":"2021-12-18T01:15:33.174Z"}
{"level":"info","message":"Server listening on port 3002","timestamp":"2021-12-18T01:16:12.283Z"}
{"level":"info","message":"mailSender | sendForm | body :  {\"name\":\"Mario\",\"phone\":\"09316584\",\"message\":\"Este es mi super mensaje\"}","timestamp":"2021-12-18T01:16:17.035Z"}
{"level":"error","message":"mailSender | sendForm | Error caught!  {}","timestamp":"2021-12-18T01:16:17.771Z"}
{"level":"info","message":"Server listening on port 3002","timestamp":"2021-12-18T01:17:51.597Z"}
{"level":"info","message":"mailSender | sendForm | body :  {\"name\":\"Mario\",\"phone\":\"09316584\",\"message\":\"Este es mi super mensaje\"}","timestamp":"2021-12-18T01:17:53.837Z"}
{"level":"error","message":"mailSender | sendForm | Error caught!  {}","timestamp":"2021-12-18T01:17:54.575Z"}
{"level":"info","message":"Server listening on port 3002","timestamp":"2021-12-18T01:18:21.411Z"}
{"level":"info","message":"mailSender | sendForm | body :  {\"name\":\"Mario\",\"phone\":\"09316584\",\"message\":\"Este es mi super mensaje\"}","timestamp":"2021-12-18T01:18:28.024Z"}
{"level":"info","message":"Server listening on port 3002","timestamp":"2021-12-18T01:18:42.495Z"}
{"level":"info","message":"mailSender | sendForm | body :  {\"name\":\"Mario\",\"phone\":\"09316584\",\"message\":\"Este es mi super mensaje\"}","timestamp":"2021-12-18T01:18:44.239Z"}
{"level":"info","message":"Server listening on port 3002","timestamp":"2021-12-18T01:19:42.651Z"}
{"level":"info","message":"mailSender | sendForm | body :  {\"name\":\"Mario\",\"phone\":\"09316584\",\"message\":\"Este es mi super mensaje\"}","timestamp":"2021-12-18T01:19:44.994Z"}
{"level":"info","message":"Server listening on port 3002","timestamp":"2021-12-18T01:20:37.775Z"}
{"level":"info","message":"mailSender | sendForm | body :  {\"name\":\"Mario\",\"phone\":\"09316584\",\"message\":\"Este es mi super mensaje\"}","timestamp":"2021-12-18T01:20:40.526Z"}
{"level":"info","message":"Server listening on port 3002","timestamp":"2021-12-18T01:21:14.707Z"}
{"level":"info","message":"mailSender | sendForm | body :  {\"name\":\"Mario\",\"phone\":\"09316584\",\"message\":\"Este es mi super mensaje\"}","timestamp":"2021-12-18T01:21:16.742Z"}
{"level":"info","message":"Server listening on port 3002","timestamp":"2021-12-18T01:21:35.662Z"}
{"level":"info","message":"mailSender | sendForm | body :  {\"name\":\"Mario\",\"phone\":\"09316584\",\"message\":\"Este es mi super mensaje\"}","timestamp":"2021-12-18T01:21:38.027Z"}
{"level":"info","message":"Server listening on port 3002","timestamp":"2021-12-18T01:21:48.376Z"}
{"level":"info","message":"Server listening on port 3002","timestamp":"2021-12-18T01:21:51.717Z"}
{"level":"info","message":"Server listening on port 3002","timestamp":"2021-12-18T01:21:58.557Z"}
{"level":"info","message":"Server listening on port 3002","timestamp":"2021-12-18T01:24:42.069Z"}
{"level":"info","message":"mailSender | sendForm | body :  {\"name\":\"Mario\",\"phone\":\"09316584\",\"message\":\"Este es mi super mensaje\"}","timestamp":"2021-12-18T01:33:42.209Z"}
{"level":"info","message":"Server listening on port 3002","timestamp":"2021-12-18T02:29:00.398Z"}
{"level":"info","message":"mailSender | sendForm | body :  {\"name\":\"Rodrigo\",\"email\":\"rodri@gmail.com\",\"message\":\"mi mensaje\",\"g-recaptcha-response\":\"03AGdBq25Owh09ACZa0rAClX0OIfIyPE0wsDmKFYQ-zoqljkMST1DNtL4EWdDCRfyeMLISHZf2SBxdeDHXrRonU33wLsedlOv5e8V1ZqM9OgNsPnRciyLb7cFV0e_JDluwzAy73C2bajlVejd41k5Xu-AAZWA7Cqo9-4dkMeFgzaiz1ta9g3UWiVk1TnW6_dvA09A7FUTsYTfjMcJaQJuYECkT_q7bj-parkNH9KdokBwJ5064whlamWXlIp1NJY8Toetnd3xhBlrmjnAj3XrICamMThqGgEXcHDTWxlleFa0FAeMs6gIb1dGeDsa4VCsAVFSsDUxET8PntjyemJQJARIL3j-9JhTBHrkpN1pMgKdlpGAXbHx_KCbekCQsGr-BB-C8M4RXuplVDXGa_LKN3x4yD3qgTBrEarN9jMHaqVnCZA5BBSeU_HQ4mF3s4_lLoNtuJ2qzxWhG\"}","timestamp":"2021-12-18T02:30:54.135Z"}
{"level":"info","message":"Server listening on port 3002","timestamp":"2021-12-18T02:35:16.116Z"}
{"level":"info","message":"Server listening on port 3002","timestamp":"2021-12-18T02:38:28.586Z"}
{"level":"info","message":"Server listening on port 3002","timestamp":"2021-12-18T02:38:47.529Z"}
{"level":"info","message":"Server listening on port 3002","timestamp":"2021-12-18T02:49:28.749Z"}
{"level":"info","message":"Server listening on port 3002","timestamp":"2021-12-18T02:50:29.483Z"}
{"level":"info","message":"Server listening on port 3002","timestamp":"2021-12-18T02:51:31.248Z"}
{"level":"info","message":"Server listening on port 3002","timestamp":"2021-12-18T02:52:11.335Z"}
{"level":"info","message":"mailSender | sendForm | params :  {\"name\":\"Rodrigo\",\"email\":\"rodri@gmail.com\",\"message\":\"mi mensaje\"}","timestamp":"2021-12-18T02:52:18.777Z"}
{"level":"error","message":"mailSender | sendForm | Error caught!  {}","timestamp":"2021-12-18T02:52:18.781Z"}
{"level":"info","message":"Server listening on port 3002","timestamp":"2021-12-18T02:52:47.466Z"}
{"level":"info","message":"mailSender | sendForm | params :  {\"name\":\"Rodrigo\",\"email\":\"rodri@gmail.com\",\"message\":\"mi mensaje\"}","timestamp":"2021-12-18T02:52:59.273Z"}
{"level":"error","message":"mailSender | sendForm | Error caught!  {}","timestamp":"2021-12-18T02:52:59.276Z"}
{"level":"info","message":"Server listening on port 3002","timestamp":"2021-12-18T02:53:34.996Z"}
{"level":"info","message":"mailSender | sendForm | params :  {\"name\":\"Rodrigo\",\"email\":\"rodri@gmail.com\",\"message\":\"mi mensaje\"}","timestamp":"2021-12-18T02:53:39.679Z"}
{"level":"error","message":"mailSender | sendForm | Error caught!  {}","timestamp":"2021-12-18T02:53:39.680Z"}
{"level":"info","message":"Server listening on port 3002","timestamp":"2021-12-18T02:56:51.000Z"}
{"level":"info","message":"mailSender | sendForm | params :  {\"name\":\"Rodrigo\",\"email\":\"rodri@gmail.com\",\"message\":\"mi mensaje\"}","timestamp":"2021-12-18T02:59:46.348Z"}
{"level":"info","message":"Server listening on port 3002","timestamp":"2021-12-18T03:02:02.044Z"}
{"level":"info","message":"Server listening on port 3002","timestamp":"2021-12-18T03:02:18.871Z"}
{"level":"info","message":"Server listening on port 3002","timestamp":"2021-12-18T03:02:27.538Z"}
{"level":"info","message":"Server listening on port 3002","timestamp":"2021-12-18T03:03:05.317Z"}
{"level":"info","message":"Server listening on port 3002","timestamp":"2021-12-18T03:03:29.886Z"}
{"level":"info","message":"Server listening on port 3002","timestamp":"2021-12-18T03:03:57.881Z"}
{"level":"info","message":"Server listening on port 3002","timestamp":"2021-12-18T03:04:26.727Z"}
{"level":"info","message":"Server listening on port 3002","timestamp":"2021-12-18T03:04:53.761Z"}
{"level":"info","message":"mailSender | sendForm | params :  {\"name\":\"Rodrigo\",\"email\":\"rodri@gmail.com\",\"message\":\"mi mensaje\"}","timestamp":"2021-12-18T03:05:16.260Z"}
{"level":"info","message":"Server listening on port 3002","timestamp":"2021-12-18T03:05:37.744Z"}
{"level":"info","message":"mailSender | sendForm | params :  {\"name\":\"Rodrigo\",\"email\":\"rodri@gmail.com\",\"message\":\"mi mensaje\"}","timestamp":"2021-12-18T03:05:58.930Z"}
{"level":"info","message":"Server listening on port 3002","timestamp":"2021-12-18T03:06:30.213Z"}
{"level":"info","message":"mailSender | sendForm | params :  {\"name\":\"Rodrigo\",\"email\":\"rodri@gmail.com\",\"message\":\"mi mensaje\"}","timestamp":"2021-12-18T03:06:42.854Z"}
{"level":"info","message":"Server listening on port 3002","timestamp":"2021-12-18T03:07:28.216Z"}
{"level":"info","message":"mailSender | sendForm | params :  {\"name\":\"Rodrigo\",\"email\":\"rodri@gmail.com\",\"message\":\"mi mensaje\"}","timestamp":"2021-12-18T03:07:42.724Z"}
{"level":"info","message":"Server listening on port 3002","timestamp":"2021-12-18T03:08:33.806Z"}
{"level":"info","message":"mailSender | sendForm | params :  {\"name\":\"Rodrigo\",\"email\":\"rodri@gmail.com\",\"message\":\"mi mensaje\"}","timestamp":"2021-12-18T03:08:40.211Z"}
{"level":"info","message":"Server listening on port 3002","timestamp":"2021-12-18T03:10:00.351Z"}
{"level":"info","message":"mailSender | sendForm | params :  {\"name\":\"Rodrigo\",\"email\":\"rodri@gmail.com\",\"message\":\"mi mensaje\"}","timestamp":"2021-12-18T03:10:09.758Z"}
{"level":"info","message":"Server listening on port 3002","timestamp":"2021-12-18T03:10:35.573Z"}
{"level":"info","message":"mailSender | sendForm | params :  {\"name\":\"Rodrigo\",\"email\":\"rodri@gmail.com\",\"message\":\"mi mensaje\"}","timestamp":"2021-12-18T03:10:45.420Z"}
{"level":"info","message":"Server listening on port 3002","timestamp":"2021-12-18T03:11:31.547Z"}
{"level":"info","message":"mailSender | sendForm | params :  {\"name\":\"Rodrigo\",\"email\":\"rodri@gmail.com\",\"message\":\"mi mensaje\"}","timestamp":"2021-12-18T03:11:36.029Z"}
{"level":"info","message":"mailSender | sendForm | params :  {\"name\":\"Rodrigo\",\"email\":\"rodri@gmail.com\",\"message\":\"mi mensaje\"}","timestamp":"2021-12-18T03:12:03.895Z"}
{"level":"info","message":"Server listening on port 3002","timestamp":"2021-12-18T03:12:25.349Z"}
{"level":"info","message":"Server listening on port 3002","timestamp":"2021-12-18T03:12:33.553Z"}
{"level":"info","message":"mailSender | sendForm | params :  {\"name\":\"Rodrigo\",\"email\":\"rodri@gmail.com\",\"message\":\"mi mensaje\"}","timestamp":"2021-12-18T03:13:10.606Z"}
{"level":"info","message":"Server listening on port 3002","timestamp":"2021-12-18T03:16:56.877Z"}
{"level":"info","message":"mailSender | sendForm | params :  {\"name\":\"Rodrigo\",\"email\":\"rodri@gmail.com\",\"message\":\"mi mensaje\"}","timestamp":"2021-12-18T03:17:04.519Z"}
{"level":"info","message":"Server listening on port 3002","timestamp":"2021-12-18T03:17:41.522Z"}
{"level":"info","message":"mailSender | sendForm | params :  {\"name\":\"Rodrigo\",\"email\":\"rodri@gmail.com\",\"message\":\"mi mensaje\"}","timestamp":"2021-12-18T03:17:44.085Z"}
{"level":"info","message":"Server listening on port 3002","timestamp":"2021-12-18T03:18:04.692Z"}
{"level":"info","message":"mailSender | sendForm | params :  {\"name\":\"Rodrigo\",\"email\":\"rodri@gmail.com\",\"message\":\"mi mensaje\"}","timestamp":"2021-12-18T03:18:09.935Z"}
{"level":"info","message":"Server listening on port 3002","timestamp":"2021-12-18T03:18:23.024Z"}
{"level":"info","message":"mailSender | sendForm | params :  {\"name\":\"Rodrigo\",\"email\":\"rodri@gmail.com\",\"message\":\"mi mensaje\"}","timestamp":"2021-12-18T03:18:31.784Z"}
{"level":"info","message":"Server listening on port 3002","timestamp":"2021-12-18T03:20:45.241Z"}
{"level":"info","message":"Server listening on port 3002","timestamp":"2021-12-18T03:20:55.305Z"}
{"level":"info","message":"Server listening on port 3002","timestamp":"2021-12-18T03:22:14.325Z"}
{"level":"error","message":"mailSender | sendForm | Error caught!  {\n \"code\": 401,\n \"message\": \"Unauthorized\"\n}","timestamp":"2021-12-18T03:22:24.200Z"}
{"level":"info","message":"Server listening on port 3002","timestamp":"2021-12-18T03:22:57.841Z"}
{"level":"info","message":"mailSender | sendForm | params :  {\"name\":\"Rodrigo\",\"email\":\"rodri@gmail.com\",\"message\":\"mi mensaje\"}","timestamp":"2021-12-18T03:23:04.096Z"}
